<?xml version="1.0" encoding="UTF-8"?>
<!-- Generated by org.testng.reporters.JUnitReportReporter -->
<testsuite skipped="0" hostname="Adekoyas-MacBook-Pro.local" name="com.swapi.test.PeopleHeightTest" tests="1" failures="0" timestamp="06 Oct 2021 11:35:42 GMT" time="22.058" errors="0">
  <testcase name="verifyHeight" time="22.058" classname="com.swapi.test.PeopleHeightTest"/>
</testsuite> <!-- com.swapi.test.PeopleHeightTest -->
