<?xml version="1.0" encoding="UTF-8"?>
<!-- Generated by org.testng.reporters.JUnitReportReporter -->
<testsuite skipped="0" hostname="Adekoyas-MacBook-Pro.local" name="com.swapi.test.PeopleTotalTest" tests="1" failures="0" timestamp="30 Sep 2021 18:56:03 GMT" time="10.558" errors="0">
  <testcase name="findTotalPeople" time="10.558" classname="com.swapi.test.PeopleTotalTest"/>
</testsuite> <!-- com.swapi.test.PeopleTotalTest -->
