<?xml version="1.0" encoding="UTF-8"?>
<!-- Generated by org.testng.reporters.JUnitReportReporter -->
<testsuite skipped="0" hostname="Adekoyas-MacBook-Pro.local" name="com.swapi.test.SwapiEndPointTest" tests="1" failures="0" timestamp="30 Sep 2021 16:38:22 GMT" time="2.852" errors="0">
  <testcase name="endPointValidation" time="2.852" classname="com.swapi.test.SwapiEndPointTest"/>
</testsuite> <!-- com.swapi.test.SwapiEndPointTest -->
