<?xml version="1.0" encoding="UTF-8"?>
<!-- Generated by org.testng.reporters.JUnitReportReporter -->
<testsuite skipped="0" hostname="Adekoyas-MacBook-Pro.local" name="com.swapi.test.PeopleHeightTest" tests="1" failures="0" timestamp="02 Oct 2021 02:41:51 GMT" time="28.882" errors="0">
  <testcase name="verifyHeight" time="28.882" classname="com.swapi.test.PeopleHeightTest"/>
</testsuite> <!-- com.swapi.test.PeopleHeightTest -->
