<?xml version="1.0" encoding="UTF-8"?>
<!-- Generated by org.testng.reporters.JUnitReportReporter -->
<testsuite skipped="0" hostname="Adekoyas-MacBook-Pro.local" name="com.swapi.test.TestTest" tests="1" failures="0" timestamp="06 Oct 2021 03:42:53 GMT" time="4.647" errors="0">
  <testcase name="getApiTest" time="4.647" classname="com.swapi.test.TestTest"/>
</testsuite> <!-- com.swapi.test.TestTest -->
