<?xml version="1.0" encoding="UTF-8"?>
<!-- Generated by org.testng.reporters.JUnitReportReporter -->
<testsuite skipped="0" hostname="Adekoyas-MacBook-Pro.local" name="com.swapi.test.TotalNumberOfPeopleTest" tests="1" failures="0" timestamp="06 Oct 2021 20:35:07 GMT" time="22.514" errors="0">
  <testcase name="findTotalNumberOfPeople" time="22.514" classname="com.swapi.test.TotalNumberOfPeopleTest"/>
</testsuite> <!-- com.swapi.test.TotalNumberOfPeopleTest -->
