<?xml version="1.0" encoding="UTF-8"?>
<!-- Generated by org.testng.reporters.JUnitReportReporter -->
<testsuite skipped="0" hostname="Adekoyas-MacBook-Pro.local" name="com.swapi.test.PeopleTotalTest" tests="1" failures="0" timestamp="02 Oct 2021 02:41:56 GMT" time="18.060" errors="0">
  <testcase name="findTotalPeople" time="18.060" classname="com.swapi.test.PeopleTotalTest"/>
</testsuite> <!-- com.swapi.test.PeopleTotalTest -->
