<?xml version="1.0" encoding="UTF-8"?>
<!-- Generated by org.testng.reporters.JUnitReportReporter -->
<testsuite skipped="0" hostname="Adekoyas-MacBook-Pro.local" name="com.swapi.test.PeopleHeightTest" tests="1" failures="0" timestamp="30 Sep 2021 08:00:16 GMT" time="14.062" errors="0">
  <testcase name="verifyHeight" time="14.062" classname="com.swapi.test.PeopleHeightTest"/>
</testsuite> <!-- com.swapi.test.PeopleHeightTest -->
