<?xml version="1.0" encoding="UTF-8"?>
<!-- Generated by org.testng.reporters.JUnitReportReporter -->
<testsuite skipped="0" hostname="Adekoyas-MacBook-Pro.local" name="com.swapi.test.HeightOfPeopleTest" tests="1" failures="0" timestamp="06 Oct 2021 20:35:12 GMT" time="13.819" errors="0">
  <testcase name="findNumberOfPeopleWithHeightGreaterThan200" time="13.819" classname="com.swapi.test.HeightOfPeopleTest"/>
</testsuite> <!-- com.swapi.test.HeightOfPeopleTest -->
